<?xml version="1.0" encoding="UTF-8"?>
<!-- Generated by org.testng.reporters.JUnitXMLReporter -->
<testsuite ignored="0" hostname="LAPTOP-SKPMNCME" failures="0" tests="3" name="ChromeTest" time="7.979" errors="0" timestamp="2026-02-06T14:19:39 IST">
  <testcase classname="testCases.TestLogin" name="verifyValidLogin" time="3.32"/>
  <testcase classname="testCases.TestLogin" name="verifyEmptyLogin" time="0.339"/>
  <testcase classname="testCases.TestLogin" name="verifyLockedUser" time="0.436"/>
</testsuite> <!-- ChromeTest -->
