<?xml version="1.0" encoding="UTF-8"?>
<!-- Generated by org.testng.reporters.JUnitXMLReporter -->
<testsuite ignored="0" hostname="LAPTOP-SKPMNCME" failures="0" tests="3" name="Test" time="5.358" errors="0" timestamp="2026-02-06T14:19:15 IST">
  <testcase classname="testCases.TestLogin" name="verifyValidLogin" time="0.862"/>
  <testcase classname="testCases.TestLogin" name="verifyEmptyLogin" time="0.13"/>
  <testcase classname="testCases.TestLogin" name="verifyLockedUser" time="0.256"/>
</testsuite> <!-- Test -->
