<?xml version="1.0" encoding="UTF-8"?>
<testng-results ignored="0" total="1" passed="1" failed="0" skipped="0">
  <reporter-output>
  </reporter-output>
  <suite started-at="2026-02-05T23:12:13 IST" name="Suite" finished-at="2026-02-05T23:12:20 IST" duration-ms="7206">
    <groups>
    </groups>
    <test started-at="2026-02-05T23:12:13 IST" name="Test" finished-at="2026-02-05T23:12:20 IST" duration-ms="7206">
      <class name="testCases.TestLogin">
        <test-method is-config="true" signature="setUp(java.lang.String,java.lang.String)[pri:0, instance:testCases.TestLogin@cc43f62]" started-at="2026-02-05T23:12:13 IST" name="setUp" finished-at="2026-02-05T23:12:19 IST" duration-ms="6037" status="PASS">
          <params>
            <param index="0">
              <value>
                <![CDATA[windows]]>
              </value>
            </param>
            <param index="1">
              <value>
                <![CDATA[chrome]]>
              </value>
            </param>
          </params>
          <reporter-output>
          </reporter-output>
        </test-method> <!-- setUp -->
        <test-method signature="verifyValidLogin()[pri:1, instance:testCases.TestLogin@cc43f62]" started-at="2026-02-05T23:12:19 IST" name="verifyValidLogin" finished-at="2026-02-05T23:12:20 IST" duration-ms="863" status="PASS">
          <reporter-output>
          </reporter-output>
        </test-method> <!-- verifyValidLogin -->
        <test-method is-config="true" signature="tearDown()[pri:0, instance:testCases.TestLogin@cc43f62]" started-at="2026-02-05T23:12:20 IST" name="tearDown" finished-at="2026-02-05T23:12:20 IST" duration-ms="260" status="PASS">
          <reporter-output>
          </reporter-output>
        </test-method> <!-- tearDown -->
      </class> <!-- testCases.TestLogin -->
    </test> <!-- Test -->
  </suite> <!-- Suite -->
</testng-results>
